============================================================
Excel Sheet Log
File: Aetna TE Fields and Rules - UB 5.xlsx
Date: 2026-05-08
============================================================

Sheet #  | Sheet Name
---------|------------------------
1        | UB Fields
2        | OCR2DE Rules
3        | Output Fields_OLD
4        | Final Edit Rules
5        | Reject Rules
6        | Reject Rules (2)
7        | Output Fields
8        | OutputPrep Rules Old
9        | OutputPrep Rules
10       | Multi-page Changes
11       | OCR2WDE-UB-SQL
12       | UB-Fields-SQL

Total Sheets: 12
============================================================
